<?xml version="1.0" encoding="UTF-8"?>
<!-- Generated by org.testng.reporters.JUnitReportReporter -->
<testsuite skipped="1" hostname="Mandeep-PC" name="org.docker.learn.DockerStandAloneBrowser" tests="2" failures="0" timestamp="2021-05-13T18:35:01 GMT+04:00" time="34.477" errors="0">
  <testcase name="dockerrun" time="34.477" classname="org.docker.learn.DockerStandAloneBrowser"/>
  <system-out/>
  <testcase name="localrun" classname="org.docker.learn.DockerStandAloneBrowser">
    <skipped/>
  </testcase> <!-- localrun -->
  <system-out/>
</testsuite> <!-- org.docker.learn.DockerStandAloneBrowser -->
